ls: cannot access 'bla': No such file or directory
bool test #1 failed 
EXPECTED:
no dir 
ACTUAL:

bool test #2 failed 
EXPECTED:
errors
fsh
fsh.c
JonahTest.c
Makefile
outs
Project 1 -- Shell - Google Docs.pdf
README.md
tests 
ACTUAL:

bool test #3 failed 
EXPECTED:
2018-03-04
total 136
drwxrwxr-x 2 levan levan  4096 Mar  4 18:44 errors
-rwxrwxr-x 1 levan levan 13400 Mar  4 18:57 fsh
-rw-rw-r-- 1 levan levan  1930 Mar  4 18:57 fsh.c
-rw-rw-r-- 1 levan levan   143 Mar  4 18:44 JonahTest.c
-rw-rw-r-- 1 levan levan    74 Mar  4 18:44 Makefile
drwxrwxr-x 2 levan levan  4096 Mar  4 18:44 outs
-rw-rw-r-- 1 levan levan 90930 Mar  4 18:44 Project 1 -- Shell - Google Docs.pdf
-rw-rw-r-- 1 levan levan   103 Mar  4 18:44 README.md
drwxrwxr-x 2 levan levan  4096 Mar  4 18:44 tests
no dir 
ACTUAL:

ls: cannot access 'none_existing_dir': No such file or directory
bool test #4 failed
